# = Caracter
include = Identificador
< = OperadorRelacional
stdio = Identificador
. = Caracter
h = Identificador
> = OperadorRelacional
# = Caracter
include = Identificador
< = OperadorRelacional
math = Identificador
. = Caracter
h = Identificador
> = OperadorRelacional
# = Caracter
include = Identificador
< = OperadorRelacional
stdio = Identificador
> = OperadorRelacional
# = Caracter
include = Identificador
< = OperadorRelacional
math = Identificador
> = OperadorRelacional
char = tipoDatos
a = Identificador
; = FinSentencia
int = tipoDatos
a = Identificador
, = Caracter
b = Identificador
, = Caracter
c = Identificador
, = Caracter
d = Identificador
, = Caracter
radio = Identificador
, = Caracter
i = Identificador
; = FinSentencia
float = tipoDatos
x = Identificador
, = Caracter
y = Identificador
, = Caracter
z = Identificador
; = FinSentencia
char = tipoDatos
w = Identificador
; = FinSentencia
void = Identificador
main = Identificador
( = Caracter
) = Caracter
{ = Inicio
printf = reservada
( = Caracter
"\nHola mundo" = Cadena
) = Caracter
; = FinSentencia
printf = reservada
( = Caracter
"\n============" = Cadena
) = Caracter
; = FinSentencia
printf = reservada
( = Caracter
"\nRadio = " = Cadena
) = Caracter
; = FinSentencia
scanf = reservada
( = Caracter
"%i" = Cadena
) = Caracter
; = FinSentencia
radio = Identificador
= = Asignacion
( = Caracter
3 = Numero
+ = OperadorTermino
5 = Numero
) = Caracter
* = OperadorFactor
8 = Numero
- = OperadorTermino
( = Caracter
10 = Numero
- = OperadorTermino
4 = Numero
) = Caracter
/ = OperadorFactor
2 = Numero
; = FinSentencia
z = Identificador
= = Asignacion
( = Caracter
a = Identificador
+ = OperadorTermino
b = Identificador
) = Caracter
* = OperadorFactor
c = Identificador
; = FinSentencia
if = reservada
( = Caracter
( = Caracter
3 = Numero
+ = OperadorTermino
5 = Numero
) = Caracter
* = OperadorFactor
8 = Numero
> = OperadorRelacional
z = Identificador
) = Caracter
{ = Inicio
printf = reservada
( = Caracter
"\nEs mayor" = Cadena
) = Caracter
; = FinSentencia
} = Fin
if = reservada
( = Caracter
radio = Identificador
% = OperadorFactor
2 = Numero
== = OperadorRelacional
0 = Numero
) = Caracter
{ = Inicio
printf = reservada
( = Caracter
"\nRadio es par" = Cadena
) = Caracter
; = FinSentencia
} = Fin
else = reservada
{ = Inicio
printf = reservada
( = Caracter
"\nRadio es impar" = Cadena
) = Caracter
; = FinSentencia
} = Fin
do = reservada
{ = Inicio
z = Identificador
+= = IncrementoTermino
2 = Numero
; = FinSentencia
printf = reservada
( = Caracter
"\n+1" = Cadena
) = Caracter
; = FinSentencia
} = Fin
while = reservada
( = Caracter
i = Identificador
< = OperadorRelacional
20 = Numero
) = Caracter
; = FinSentencia
z = Identificador
++ = IncrementoTermino
; = FinSentencia
for = reservada
( = Caracter
int = tipoDatos
Error Sintaxis: Se espera un Identificador
